{"/Users/piotr/Desktop/oop/ts_oop/shoppingCart/src/components/Item/Item.ts": {"path":"/Users/piotr/Desktop/oop/ts_oop/shoppingCart/src/components/Item/Item.ts","statementMap":{"0":{"start":{"line":1,"column":0},"end":{"line":1,"column":null}},"1":{"start":{"line":4,"column":0},"end":{"line":4,"column":51}},"2":{"start":{"line":9,"column":0},"end":{"line":9,"column":13}},"3":{"start":{"line":17,"column":4},"end":{"line":17,"column":16}},"4":{"start":{"line":17,"column":63},"end":{"line":17,"column":85}},"5":{"start":{"line":17,"column":85},"end":{"line":17,"column":null}},"6":{"start":{"line":32,"column":4},"end":{"line":48,"column":null}},"7":{"start":{"line":33,"column":8},"end":{"line":39,"column":10}},"8":{"start":{"line":34,"column":12},"end":{"line":38,"column":null}},"9":{"start":{"line":35,"column":16},"end":{"line":35,"column":47}},"10":{"start":{"line":36,"column":16},"end":{"line":36,"column":54}},"11":{"start":{"line":37,"column":16},"end":{"line":37,"column":22}},"12":{"start":{"line":40,"column":8},"end":{"line":46,"column":10}},"13":{"start":{"line":41,"column":12},"end":{"line":45,"column":null}},"14":{"start":{"line":42,"column":16},"end":{"line":42,"column":47}},"15":{"start":{"line":43,"column":16},"end":{"line":43,"column":54}},"16":{"start":{"line":44,"column":16},"end":{"line":44,"column":22}},"17":{"start":{"line":47,"column":8},"end":{"line":47,"column":45}},"18":{"start":{"line":50,"column":4},"end":{"line":61,"column":null}},"19":{"start":{"line":51,"column":8},"end":{"line":60,"column":null}},"20":{"start":{"line":18,"column":8},"end":{"line":18,"column":38}},"21":{"start":{"line":19,"column":8},"end":{"line":19,"column":42}},"22":{"start":{"line":20,"column":8},"end":{"line":20,"column":39}},"23":{"start":{"line":21,"column":8},"end":{"line":21,"column":42}},"24":{"start":{"line":22,"column":8},"end":{"line":22,"column":42}},"25":{"start":{"line":24,"column":8},"end":{"line":24,"column":29}},"26":{"start":{"line":25,"column":8},"end":{"line":25,"column":25}},"27":{"start":{"line":26,"column":8},"end":{"line":26,"column":33}},"28":{"start":{"line":27,"column":8},"end":{"line":27,"column":null}},"29":{"start":{"line":28,"column":8},"end":{"line":28,"column":33}},"30":{"start":{"line":29,"column":8},"end":{"line":29,"column":33}},"31":{"start":{"line":62,"column":0},"end":{"line":62,"column":null}},"32":{"start":{"line":9,"column":13},"end":{"line":9,"column":17}}},"fnMap":{"0":{"name":"(anonymous_0)","decl":{"start":{"line":9,"column":0},"end":{"line":9,"column":13}},"loc":{"start":{"line":9,"column":0},"end":{"line":62,"column":null}}},"1":{"name":"Item","decl":{"start":{"line":17,"column":4},"end":{"line":17,"column":16}},"loc":{"start":{"line":17,"column":105},"end":{"line":30,"column":5}}},"2":{"name":"(anonymous_2)","decl":{"start":{"line":32,"column":13},"end":{"line":32,"column":14}},"loc":{"start":{"line":32,"column":56},"end":{"line":48,"column":5}}},"3":{"name":"(anonymous_3)","decl":{"start":{"line":50,"column":11},"end":{"line":50,"column":null}},"loc":{"start":{"line":50,"column":11},"end":{"line":61,"column":5}}}},"branchMap":{"0":{"loc":{"start":{"line":17,"column":63},"end":{"line":17,"column":85}},"type":"if","locations":[{"start":{"line":17,"column":63},"end":{"line":17,"column":85}},{"start":{"line":17,"column":63},"end":{"line":17,"column":85}}]},"1":{"loc":{"start":{"line":17,"column":85},"end":{"line":17,"column":null}},"type":"if","locations":[{"start":{"line":17,"column":85},"end":{"line":17,"column":null}},{"start":{"line":17,"column":85},"end":{"line":17,"column":null}}]},"2":{"loc":{"start":{"line":33,"column":8},"end":{"line":39,"column":10}},"type":"if","locations":[{"start":{"line":33,"column":8},"end":{"line":39,"column":10}},{"start":{"line":33,"column":8},"end":{"line":39,"column":10}}]},"3":{"loc":{"start":{"line":33,"column":12},"end":{"line":33,"column":26}},"type":"binary-expr","locations":[{"start":{"line":33,"column":12},"end":{"line":33,"column":26}},{"start":{"line":33,"column":30},"end":{"line":33,"column":48}}]},"4":{"loc":{"start":{"line":34,"column":12},"end":{"line":38,"column":null}},"type":"if","locations":[{"start":{"line":34,"column":12},"end":{"line":38,"column":null}},{"start":{"line":34,"column":12},"end":{"line":38,"column":null}}]},"5":{"loc":{"start":{"line":40,"column":8},"end":{"line":46,"column":10}},"type":"if","locations":[{"start":{"line":40,"column":8},"end":{"line":46,"column":10}},{"start":{"line":40,"column":8},"end":{"line":46,"column":10}}]},"6":{"loc":{"start":{"line":40,"column":12},"end":{"line":40,"column":27}},"type":"binary-expr","locations":[{"start":{"line":40,"column":12},"end":{"line":40,"column":27}},{"start":{"line":40,"column":31},"end":{"line":40,"column":49}},{"start":{"line":40,"column":53},"end":{"line":40,"column":71}}]},"7":{"loc":{"start":{"line":41,"column":12},"end":{"line":45,"column":null}},"type":"if","locations":[{"start":{"line":41,"column":12},"end":{"line":45,"column":null}},{"start":{"line":41,"column":12},"end":{"line":45,"column":null}}]}},"s":{"0":1,"1":1,"2":1,"3":2,"4":4,"5":4,"6":2,"7":15,"8":6,"9":4,"10":4,"11":4,"12":11,"13":9,"14":6,"15":6,"16":6,"17":5,"18":2,"19":2,"20":2,"21":2,"22":2,"23":2,"24":2,"25":2,"26":2,"27":2,"28":2,"29":2,"30":2,"31":1,"32":1},"f":{"0":1,"1":2,"2":15,"3":2},"b":{"0":[2,0],"1":[2,0],"2":[6,9],"3":[15,12],"4":[4,2],"5":[9,2],"6":[11,8,5],"7":[6,3]}}
,"/Users/piotr/Desktop/oop/ts_oop/shoppingCart/src/components/Validator/Validator.ts": {"path":"/Users/piotr/Desktop/oop/ts_oop/shoppingCart/src/components/Validator/Validator.ts","statementMap":{"0":{"start":{"line":1,"column":0},"end":{"line":1,"column":13}},"1":{"start":{"line":2,"column":11},"end":{"line":4,"column":null}},"2":{"start":{"line":3,"column":8},"end":{"line":3,"column":83}},"3":{"start":{"line":3,"column":42},"end":{"line":3,"column":83}},"4":{"start":{"line":6,"column":11},"end":{"line":8,"column":null}},"5":{"start":{"line":7,"column":8},"end":{"line":7,"column":79}},"6":{"start":{"line":7,"column":33},"end":{"line":7,"column":79}},"7":{"start":{"line":9,"column":0},"end":{"line":9,"column":null}},"8":{"start":{"line":1,"column":13},"end":{"line":1,"column":22}}},"fnMap":{"0":{"name":"(anonymous_0)","decl":{"start":{"line":1,"column":0},"end":{"line":1,"column":13}},"loc":{"start":{"line":1,"column":0},"end":{"line":9,"column":null}}},"1":{"name":"(anonymous_2)","decl":{"start":{"line":2,"column":4},"end":{"line":2,"column":11}},"loc":{"start":{"line":2,"column":48},"end":{"line":4,"column":5}}},"2":{"name":"(anonymous_3)","decl":{"start":{"line":6,"column":4},"end":{"line":6,"column":11}},"loc":{"start":{"line":6,"column":48},"end":{"line":8,"column":5}}}},"branchMap":{"0":{"loc":{"start":{"line":3,"column":8},"end":{"line":3,"column":83}},"type":"if","locations":[{"start":{"line":3,"column":8},"end":{"line":3,"column":83}},{"start":{"line":3,"column":8},"end":{"line":3,"column":83}}]},"1":{"loc":{"start":{"line":7,"column":8},"end":{"line":7,"column":79}},"type":"if","locations":[{"start":{"line":7,"column":8},"end":{"line":7,"column":79}},{"start":{"line":7,"column":8},"end":{"line":7,"column":79}}]}},"s":{"0":2,"1":2,"2":9,"3":1,"4":2,"5":13,"6":1,"7":2,"8":2},"f":{"0":2,"1":9,"2":13},"b":{"0":[1,8],"1":[1,12]}}
}
