TN:
SF:src/components/Item/Item.ts
FN:9,(anonymous_0)
FN:17,Item
FN:32,(anonymous_2)
FN:50,(anonymous_3)
FNF:4
FNH:4
FNDA:1,(anonymous_0)
FNDA:2,Item
FNDA:15,(anonymous_2)
FNDA:2,(anonymous_3)
DA:1,1
DA:4,1
DA:9,1
DA:17,4
DA:18,2
DA:19,2
DA:20,2
DA:21,2
DA:22,2
DA:24,2
DA:25,2
DA:26,2
DA:27,2
DA:28,2
DA:29,2
DA:32,2
DA:33,15
DA:34,6
DA:35,4
DA:36,4
DA:37,4
DA:40,11
DA:41,9
DA:42,6
DA:43,6
DA:44,6
DA:47,5
DA:50,2
DA:51,2
DA:62,1
LF:30
LH:30
BRDA:17,0,0,2
BRDA:17,0,1,0
BRDA:17,1,0,2
BRDA:17,1,1,0
BRDA:33,2,0,6
BRDA:33,2,1,9
BRDA:33,3,0,15
BRDA:33,3,1,12
BRDA:34,4,0,4
BRDA:34,4,1,2
BRDA:40,5,0,9
BRDA:40,5,1,2
BRDA:40,6,0,11
BRDA:40,6,1,8
BRDA:40,6,2,5
BRDA:41,7,0,6
BRDA:41,7,1,3
BRF:17
BRH:15
end_of_record
TN:
SF:src/components/Validator/Validator.ts
FN:1,(anonymous_0)
FN:2,(anonymous_2)
FN:6,(anonymous_3)
FNF:3
FNH:3
FNDA:2,(anonymous_0)
FNDA:9,(anonymous_2)
FNDA:13,(anonymous_3)
DA:1,2
DA:2,2
DA:3,9
DA:6,2
DA:7,13
DA:9,2
LF:6
LH:6
BRDA:3,0,0,1
BRDA:3,0,1,8
BRDA:7,1,0,1
BRDA:7,1,1,12
BRF:4
BRH:4
end_of_record
